<?xml version="1.0" encoding="UTF-8"?>
<robot generator="Robot 3.2.2 (Python 3.6.0 on win32)" generated="20210110 23:08:18.300" rpa="false">
<suite id="s1" name="TestCases" source="C:\Users\Admin\Desktop\13.1\TestsBook\TestCases.robot">
<test id="s1-t1" name="User should be able to Land on Book details Page">
<kw name="Open India Bookstore" library="instructions">
<kw name="Open Browser" library="SeleniumLibrary">
<doc>Opens a new browser instance to the optional ``url``.</doc>
<arguments>
<arg>${url_books}</arg>
<arg>${brows}</arg>
</arguments>
<msg timestamp="20210110 23:08:18.773" level="INFO">Opening browser 'gc' to base url 'https://www.indiabookstore.net/'.</msg>
<status status="PASS" starttime="20210110 23:08:18.773" endtime="20210110 23:08:24.839"></status>
</kw>
<kw name="Maximize Browser Window" library="SeleniumLibrary">
<doc>Maximizes current browser window.</doc>
<status status="PASS" starttime="20210110 23:08:24.841" endtime="20210110 23:08:27.009"></status>
</kw>
<kw name="Sleep" library="BuiltIn">
<doc>Pauses the test executed for the given time.</doc>
<arguments>
<arg>4s</arg>
</arguments>
<msg timestamp="20210110 23:08:31.012" level="INFO">Slept 4 seconds</msg>
<status status="PASS" starttime="20210110 23:08:27.010" endtime="20210110 23:08:31.012"></status>
</kw>
<kw name="Verify WebPage title" library="instructions">
<arguments>
<arg>${Expected_homePage}</arg>
</arguments>
<kw name="Wait Until Page Contains" library="SeleniumLibrary">
<doc>Waits until ``text`` appears on the current page.</doc>
<arguments>
<arg>${title_name}</arg>
</arguments>
<status status="PASS" starttime="20210110 23:08:31.015" endtime="20210110 23:08:31.038"></status>
</kw>
<kw name="Log To Console" library="BuiltIn">
<doc>Logs the given message to the console.</doc>
<arguments>
<arg>${title_name}</arg>
</arguments>
<status status="PASS" starttime="20210110 23:08:31.038" endtime="20210110 23:08:31.039"></status>
</kw>
<kw name="Log To Console" library="BuiltIn">
<doc>Logs the given message to the console.</doc>
<arguments>
<arg>Pass!!</arg>
</arguments>
<status status="PASS" starttime="20210110 23:08:31.040" endtime="20210110 23:08:31.040"></status>
</kw>
<status status="PASS" starttime="20210110 23:08:31.013" endtime="20210110 23:08:31.040"></status>
</kw>
<kw name="Execute Javascript" library="SeleniumLibrary">
<doc>Executes the given JavaScript code with possible arguments.</doc>
<arguments>
<arg>window.scrollTo(0, 500)</arg>
</arguments>
<msg timestamp="20210110 23:08:31.042" level="INFO">Executing JavaScript:
window.scrollTo(0, 500)
Without any arguments.</msg>
<status status="PASS" starttime="20210110 23:08:31.041" endtime="20210110 23:08:31.065"></status>
</kw>
<kw name="Log To Console" library="BuiltIn">
<doc>Logs the given message to the console.</doc>
<arguments>
<arg>Step1</arg>
</arguments>
<status status="PASS" starttime="20210110 23:08:31.066" endtime="20210110 23:08:31.067"></status>
</kw>
<status status="PASS" starttime="20210110 23:08:18.772" endtime="20210110 23:08:31.068"></status>
</kw>
<kw name="Navigate to Category &quot;Crime , Thriller &amp; Mystery&quot;" library="instructions">
<kw name="Get Element Count" library="SeleniumLibrary">
<doc>Returns the number of elements matching ``locator``.</doc>
<arguments>
<arg>xpath=//*[@id="leftNavContainer"]/ul/li</arg>
</arguments>
<assign>
<var>${category_count}</var>
</assign>
<msg timestamp="20210110 23:08:31.120" level="INFO">${category_count} = 21</msg>
<status status="PASS" starttime="20210110 23:08:31.073" endtime="20210110 23:08:31.120"></status>
</kw>
<kw name="Sleep" library="BuiltIn">
<doc>Pauses the test executed for the given time.</doc>
<arguments>
<arg>3s</arg>
</arguments>
<msg timestamp="20210110 23:08:34.122" level="INFO">Slept 3 seconds</msg>
<status status="PASS" starttime="20210110 23:08:31.120" endtime="20210110 23:08:34.122"></status>
</kw>
<kw name="${i} IN RANGE [ 1 | ${category_count} ]" type="for">
<kw name="${i} = 1" type="foritem">
<kw name="Get Text" library="SeleniumLibrary">
<doc>Returns the text value of the element identified by ``locator``.</doc>
<arguments>
<arg>xpath=//*[@id="leftNavContainer"]/ul/li[${i}]/a</arg>
</arguments>
<assign>
<var>${dynamic_categ_name}</var>
</assign>
<msg timestamp="20210110 23:08:34.157" level="INFO">${dynamic_categ_name} = Academic</msg>
<status status="PASS" starttime="20210110 23:08:34.123" endtime="20210110 23:08:34.157"></status>
</kw>
<kw name="Scroll Element Into View" library="SeleniumLibrary">
<doc>Scrolls the element identified by ``locator`` into view.</doc>
<arguments>
<arg>xpath=//*[@id="leftNavContainer"]/ul/li[${i}]/a</arg>
</arguments>
<status status="PASS" starttime="20210110 23:08:34.157" endtime="20210110 23:08:34.445"></status>
</kw>
<kw name="Exit For Loop If" library="BuiltIn">
<doc>Stops executing the enclosing for loop if the ``condition`` is true.</doc>
<arguments>
<arg>"${dynamic_categ_name}" == "${Expected_category}"</arg>
</arguments>
<status status="PASS" starttime="20210110 23:08:34.445" endtime="20210110 23:08:34.446"></status>
</kw>
<status status="PASS" starttime="20210110 23:08:34.123" endtime="20210110 23:08:34.446"></status>
</kw>
<kw name="${i} = 2" type="foritem">
<kw name="Get Text" library="SeleniumLibrary">
<doc>Returns the text value of the element identified by ``locator``.</doc>
<arguments>
<arg>xpath=//*[@id="leftNavContainer"]/ul/li[${i}]/a</arg>
</arguments>
<assign>
<var>${dynamic_categ_name}</var>
</assign>
<msg timestamp="20210110 23:08:34.477" level="INFO">${dynamic_categ_name} = Action &amp; Adventure</msg>
<status status="PASS" starttime="20210110 23:08:34.446" endtime="20210110 23:08:34.477"></status>
</kw>
<kw name="Scroll Element Into View" library="SeleniumLibrary">
<doc>Scrolls the element identified by ``locator`` into view.</doc>
<arguments>
<arg>xpath=//*[@id="leftNavContainer"]/ul/li[${i}]/a</arg>
</arguments>
<status status="PASS" starttime="20210110 23:08:34.477" endtime="20210110 23:08:34.758"></status>
</kw>
<kw name="Exit For Loop If" library="BuiltIn">
<doc>Stops executing the enclosing for loop if the ``condition`` is true.</doc>
<arguments>
<arg>"${dynamic_categ_name}" == "${Expected_category}"</arg>
</arguments>
<status status="PASS" starttime="20210110 23:08:34.758" endtime="20210110 23:08:34.759"></status>
</kw>
<status status="PASS" starttime="20210110 23:08:34.446" endtime="20210110 23:08:34.759"></status>
</kw>
<kw name="${i} = 3" type="foritem">
<kw name="Get Text" library="SeleniumLibrary">
<doc>Returns the text value of the element identified by ``locator``.</doc>
<arguments>
<arg>xpath=//*[@id="leftNavContainer"]/ul/li[${i}]/a</arg>
</arguments>
<assign>
<var>${dynamic_categ_name}</var>
</assign>
<msg timestamp="20210110 23:08:34.788" level="INFO">${dynamic_categ_name} = Biographies &amp; True Accounts</msg>
<status status="PASS" starttime="20210110 23:08:34.759" endtime="20210110 23:08:34.788"></status>
</kw>
<kw name="Scroll Element Into View" library="SeleniumLibrary">
<doc>Scrolls the element identified by ``locator`` into view.</doc>
<arguments>
<arg>xpath=//*[@id="leftNavContainer"]/ul/li[${i}]/a</arg>
</arguments>
<status status="PASS" starttime="20210110 23:08:34.788" endtime="20210110 23:08:35.086"></status>
</kw>
<kw name="Exit For Loop If" library="BuiltIn">
<doc>Stops executing the enclosing for loop if the ``condition`` is true.</doc>
<arguments>
<arg>"${dynamic_categ_name}" == "${Expected_category}"</arg>
</arguments>
<status status="PASS" starttime="20210110 23:08:35.087" endtime="20210110 23:08:35.088"></status>
</kw>
<status status="PASS" starttime="20210110 23:08:34.759" endtime="20210110 23:08:35.088"></status>
</kw>
<kw name="${i} = 4" type="foritem">
<kw name="Get Text" library="SeleniumLibrary">
<doc>Returns the text value of the element identified by ``locator``.</doc>
<arguments>
<arg>xpath=//*[@id="leftNavContainer"]/ul/li[${i}]/a</arg>
</arguments>
<assign>
<var>${dynamic_categ_name}</var>
</assign>
<msg timestamp="20210110 23:08:35.120" level="INFO">${dynamic_categ_name} = Business, Investing and Management</msg>
<status status="PASS" starttime="20210110 23:08:35.089" endtime="20210110 23:08:35.120"></status>
</kw>
<kw name="Scroll Element Into View" library="SeleniumLibrary">
<doc>Scrolls the element identified by ``locator`` into view.</doc>
<arguments>
<arg>xpath=//*[@id="leftNavContainer"]/ul/li[${i}]/a</arg>
</arguments>
<status status="PASS" starttime="20210110 23:08:35.121" endtime="20210110 23:08:35.403"></status>
</kw>
<kw name="Exit For Loop If" library="BuiltIn">
<doc>Stops executing the enclosing for loop if the ``condition`` is true.</doc>
<arguments>
<arg>"${dynamic_categ_name}" == "${Expected_category}"</arg>
</arguments>
<status status="PASS" starttime="20210110 23:08:35.403" endtime="20210110 23:08:35.404"></status>
</kw>
<status status="PASS" starttime="20210110 23:08:35.088" endtime="20210110 23:08:35.404"></status>
</kw>
<kw name="${i} = 5" type="foritem">
<kw name="Get Text" library="SeleniumLibrary">
<doc>Returns the text value of the element identified by ``locator``.</doc>
<arguments>
<arg>xpath=//*[@id="leftNavContainer"]/ul/li[${i}]/a</arg>
</arguments>
<assign>
<var>${dynamic_categ_name}</var>
</assign>
<msg timestamp="20210110 23:08:35.440" level="INFO">${dynamic_categ_name} = Children's Books</msg>
<status status="PASS" starttime="20210110 23:08:35.404" endtime="20210110 23:08:35.440"></status>
</kw>
<kw name="Scroll Element Into View" library="SeleniumLibrary">
<doc>Scrolls the element identified by ``locator`` into view.</doc>
<arguments>
<arg>xpath=//*[@id="leftNavContainer"]/ul/li[${i}]/a</arg>
</arguments>
<status status="PASS" starttime="20210110 23:08:35.440" endtime="20210110 23:08:35.712"></status>
</kw>
<kw name="Exit For Loop If" library="BuiltIn">
<doc>Stops executing the enclosing for loop if the ``condition`` is true.</doc>
<arguments>
<arg>"${dynamic_categ_name}" == "${Expected_category}"</arg>
</arguments>
<status status="PASS" starttime="20210110 23:08:35.713" endtime="20210110 23:08:35.713"></status>
</kw>
<status status="PASS" starttime="20210110 23:08:35.404" endtime="20210110 23:08:35.713"></status>
</kw>
<kw name="${i} = 6" type="foritem">
<kw name="Get Text" library="SeleniumLibrary">
<doc>Returns the text value of the element identified by ``locator``.</doc>
<arguments>
<arg>xpath=//*[@id="leftNavContainer"]/ul/li[${i}]/a</arg>
</arguments>
<assign>
<var>${dynamic_categ_name}</var>
</assign>
<msg timestamp="20210110 23:08:35.743" level="INFO">${dynamic_categ_name} = Comics &amp; Manga</msg>
<status status="PASS" starttime="20210110 23:08:35.714" endtime="20210110 23:08:35.743"></status>
</kw>
<kw name="Scroll Element Into View" library="SeleniumLibrary">
<doc>Scrolls the element identified by ``locator`` into view.</doc>
<arguments>
<arg>xpath=//*[@id="leftNavContainer"]/ul/li[${i}]/a</arg>
</arguments>
<status status="PASS" starttime="20210110 23:08:35.743" endtime="20210110 23:08:36.029"></status>
</kw>
<kw name="Exit For Loop If" library="BuiltIn">
<doc>Stops executing the enclosing for loop if the ``condition`` is true.</doc>
<arguments>
<arg>"${dynamic_categ_name}" == "${Expected_category}"</arg>
</arguments>
<status status="PASS" starttime="20210110 23:08:36.030" endtime="20210110 23:08:36.034"></status>
</kw>
<status status="PASS" starttime="20210110 23:08:35.714" endtime="20210110 23:08:36.034"></status>
</kw>
<kw name="${i} = 7" type="foritem">
<kw name="Get Text" library="SeleniumLibrary">
<doc>Returns the text value of the element identified by ``locator``.</doc>
<arguments>
<arg>xpath=//*[@id="leftNavContainer"]/ul/li[${i}]/a</arg>
</arguments>
<assign>
<var>${dynamic_categ_name}</var>
</assign>
<msg timestamp="20210110 23:08:36.097" level="INFO">${dynamic_categ_name} = Computing &amp; Internet</msg>
<status status="PASS" starttime="20210110 23:08:36.036" endtime="20210110 23:08:36.097"></status>
</kw>
<kw name="Scroll Element Into View" library="SeleniumLibrary">
<doc>Scrolls the element identified by ``locator`` into view.</doc>
<arguments>
<arg>xpath=//*[@id="leftNavContainer"]/ul/li[${i}]/a</arg>
</arguments>
<status status="PASS" starttime="20210110 23:08:36.097" endtime="20210110 23:08:36.371"></status>
</kw>
<kw name="Exit For Loop If" library="BuiltIn">
<doc>Stops executing the enclosing for loop if the ``condition`` is true.</doc>
<arguments>
<arg>"${dynamic_categ_name}" == "${Expected_category}"</arg>
</arguments>
<status status="PASS" starttime="20210110 23:08:36.372" endtime="20210110 23:08:36.372"></status>
</kw>
<status status="PASS" starttime="20210110 23:08:36.035" endtime="20210110 23:08:36.372"></status>
</kw>
<kw name="${i} = 8" type="foritem">
<kw name="Get Text" library="SeleniumLibrary">
<doc>Returns the text value of the element identified by ``locator``.</doc>
<arguments>
<arg>xpath=//*[@id="leftNavContainer"]/ul/li[${i}]/a</arg>
</arguments>
<assign>
<var>${dynamic_categ_name}</var>
</assign>
<msg timestamp="20210110 23:08:36.404" level="INFO">${dynamic_categ_name} = Crime, Thriller &amp; Mystery</msg>
<status status="PASS" starttime="20210110 23:08:36.373" endtime="20210110 23:08:36.404"></status>
</kw>
<kw name="Scroll Element Into View" library="SeleniumLibrary">
<doc>Scrolls the element identified by ``locator`` into view.</doc>
<arguments>
<arg>xpath=//*[@id="leftNavContainer"]/ul/li[${i}]/a</arg>
</arguments>
<status status="PASS" starttime="20210110 23:08:36.404" endtime="20210110 23:08:36.689"></status>
</kw>
<kw name="Exit For Loop If" library="BuiltIn">
<doc>Stops executing the enclosing for loop if the ``condition`` is true.</doc>
<arguments>
<arg>"${dynamic_categ_name}" == "${Expected_category}"</arg>
</arguments>
<msg timestamp="20210110 23:08:36.693" level="INFO">Exiting for loop altogether.</msg>
<status status="PASS" starttime="20210110 23:08:36.690" endtime="20210110 23:08:36.693"></status>
</kw>
<status status="PASS" starttime="20210110 23:08:36.372" endtime="20210110 23:08:36.694"></status>
</kw>
<status status="PASS" starttime="20210110 23:08:34.122" endtime="20210110 23:08:36.694"></status>
</kw>
<kw name="Set Test Variable" library="BuiltIn">
<doc>Makes a variable available everywhere within the scope of the current test.</doc>
<arguments>
<arg>${static_categ_name}</arg>
<arg>xpath=//*[@id="leftNavContainer"]/ul/li[${i}]/a</arg>
</arguments>
<msg timestamp="20210110 23:08:36.700" level="INFO">${static_categ_name} = xpath=//*[@id="leftNavContainer"]/ul/li[8]/a</msg>
<status status="PASS" starttime="20210110 23:08:36.694" endtime="20210110 23:08:36.701"></status>
</kw>
<kw name="Log To Console" library="BuiltIn">
<doc>Logs the given message to the console.</doc>
<arguments>
<arg>Step2</arg>
</arguments>
<status status="PASS" starttime="20210110 23:08:36.701" endtime="20210110 23:08:36.703"></status>
</kw>
<status status="PASS" starttime="20210110 23:08:31.071" endtime="20210110 23:08:36.703"></status>
</kw>
<kw name="Click on &quot;Thriller&quot; Sub Section" library="instructions">
<kw name="Mouse Over" library="SeleniumLibrary">
<doc>Simulates hovering the mouse over the element ``locator``.</doc>
<arguments>
<arg>${static_categ_name}</arg>
</arguments>
<msg timestamp="20210110 23:08:36.706" level="INFO">Simulating Mouse Over on element 'xpath=//*[@id="leftNavContainer"]/ul/li[8]/a'.</msg>
<status status="PASS" starttime="20210110 23:08:36.705" endtime="20210110 23:08:37.004"></status>
</kw>
<kw name="Sleep" library="BuiltIn">
<doc>Pauses the test executed for the given time.</doc>
<arguments>
<arg>1s</arg>
</arguments>
<msg timestamp="20210110 23:08:38.006" level="INFO">Slept 1 second</msg>
<status status="PASS" starttime="20210110 23:08:37.005" endtime="20210110 23:08:38.006"></status>
</kw>
<kw name="Mouse Over" library="SeleniumLibrary">
<doc>Simulates hovering the mouse over the element ``locator``.</doc>
<arguments>
<arg>${Thriller}</arg>
</arguments>
<msg timestamp="20210110 23:08:38.007" level="INFO">Simulating Mouse Over on element 'xpath=//*[@id="leftNavContainer"]/ul/li[8]/ul/li[2]'.</msg>
<status status="PASS" starttime="20210110 23:08:38.006" endtime="20210110 23:08:38.284"></status>
</kw>
<kw name="Sleep" library="BuiltIn">
<doc>Pauses the test executed for the given time.</doc>
<arguments>
<arg>3s</arg>
</arguments>
<msg timestamp="20210110 23:08:41.285" level="INFO">Slept 3 seconds</msg>
<status status="PASS" starttime="20210110 23:08:38.284" endtime="20210110 23:08:41.285"></status>
</kw>
<kw name="Verify WebPage title" library="instructions">
<arguments>
<arg>Thriller</arg>
</arguments>
<kw name="Wait Until Page Contains" library="SeleniumLibrary">
<doc>Waits until ``text`` appears on the current page.</doc>
<arguments>
<arg>${title_name}</arg>
</arguments>
<status status="PASS" starttime="20210110 23:08:41.287" endtime="20210110 23:08:41.315"></status>
</kw>
<kw name="Log To Console" library="BuiltIn">
<doc>Logs the given message to the console.</doc>
<arguments>
<arg>${title_name}</arg>
</arguments>
<status status="PASS" starttime="20210110 23:08:41.316" endtime="20210110 23:08:41.317"></status>
</kw>
<kw name="Log To Console" library="BuiltIn">
<doc>Logs the given message to the console.</doc>
<arguments>
<arg>Pass!!</arg>
</arguments>
<status status="PASS" starttime="20210110 23:08:41.317" endtime="20210110 23:08:41.330"></status>
</kw>
<status status="PASS" starttime="20210110 23:08:41.286" endtime="20210110 23:08:41.331"></status>
</kw>
<kw name="Click Element" library="SeleniumLibrary">
<doc>Click the element identified by ``locator``.</doc>
<arguments>
<arg>${Thriller}</arg>
</arguments>
<msg timestamp="20210110 23:08:41.332" level="INFO">Clicking element 'xpath=//*[@id="leftNavContainer"]/ul/li[8]/ul/li[2]'.</msg>
<status status="PASS" starttime="20210110 23:08:41.331" endtime="20210110 23:08:42.017"></status>
</kw>
<kw name="Sleep" library="BuiltIn">
<doc>Pauses the test executed for the given time.</doc>
<arguments>
<arg>1s</arg>
</arguments>
<msg timestamp="20210110 23:08:43.019" level="INFO">Slept 1 second</msg>
<status status="PASS" starttime="20210110 23:08:42.017" endtime="20210110 23:08:43.019"></status>
</kw>
<kw name="Verify WebPage title" library="instructions">
<arguments>
<arg>${Expected_Book_Category}</arg>
</arguments>
<kw name="Wait Until Page Contains" library="SeleniumLibrary">
<doc>Waits until ``text`` appears on the current page.</doc>
<arguments>
<arg>${title_name}</arg>
</arguments>
<status status="PASS" starttime="20210110 23:08:43.020" endtime="20210110 23:08:43.044"></status>
</kw>
<kw name="Log To Console" library="BuiltIn">
<doc>Logs the given message to the console.</doc>
<arguments>
<arg>${title_name}</arg>
</arguments>
<status status="PASS" starttime="20210110 23:08:43.044" endtime="20210110 23:08:43.045"></status>
</kw>
<kw name="Log To Console" library="BuiltIn">
<doc>Logs the given message to the console.</doc>
<arguments>
<arg>Pass!!</arg>
</arguments>
<status status="PASS" starttime="20210110 23:08:43.045" endtime="20210110 23:08:43.056"></status>
</kw>
<status status="PASS" starttime="20210110 23:08:43.019" endtime="20210110 23:08:43.057"></status>
</kw>
<kw name="Log To Console" library="BuiltIn">
<doc>Logs the given message to the console.</doc>
<arguments>
<arg>Step3</arg>
</arguments>
<status status="PASS" starttime="20210110 23:08:43.057" endtime="20210110 23:08:43.058"></status>
</kw>
<status status="PASS" starttime="20210110 23:08:36.704" endtime="20210110 23:08:43.059"></status>
</kw>
<kw name="Search for the book title 'The Sunlit Night' in the Booklist" library="instructions">
<kw name="Get Element Count" library="SeleniumLibrary">
<doc>Returns the number of elements matching ``locator``.</doc>
<arguments>
<arg>xpath=//div[@class='col-md-9']/div</arg>
</arguments>
<assign>
<var>${buk_list}</var>
</assign>
<msg timestamp="20210110 23:08:43.086" level="INFO">${buk_list} = 43</msg>
<status status="PASS" starttime="20210110 23:08:43.060" endtime="20210110 23:08:43.086"></status>
</kw>
<kw name="${j} IN RANGE [ 2 | ${buk_list} ]" type="for">
<kw name="${j} = 2" type="foritem">
<kw name="Get Text" library="SeleniumLibrary">
<doc>Returns the text value of the element identified by ``locator``.</doc>
<arguments>
<arg>xpath=//div[@class='col-md-9']/div[${j}]/a/div[3]</arg>
</arguments>
<assign>
<var>${buk_names}</var>
</assign>
<msg timestamp="20210110 23:08:43.128" level="INFO">${buk_names} = Flesh and Blood (Alex Delaware...</msg>
<status status="PASS" starttime="20210110 23:08:43.087" endtime="20210110 23:08:43.128"></status>
</kw>
<kw name="Exit For Loop If" library="BuiltIn">
<doc>Stops executing the enclosing for loop if the ``condition`` is true.</doc>
<arguments>
<arg>"${buk_names}" == "${Expected_Book_Name}"</arg>
</arguments>
<status status="PASS" starttime="20210110 23:08:43.128" endtime="20210110 23:08:43.129"></status>
</kw>
<status status="PASS" starttime="20210110 23:08:43.087" endtime="20210110 23:08:43.129"></status>
</kw>
<kw name="${j} = 3" type="foritem">
<kw name="Get Text" library="SeleniumLibrary">
<doc>Returns the text value of the element identified by ``locator``.</doc>
<arguments>
<arg>xpath=//div[@class='col-md-9']/div[${j}]/a/div[3]</arg>
</arguments>
<assign>
<var>${buk_names}</var>
</assign>
<msg timestamp="20210110 23:08:43.180" level="INFO">${buk_names} = Pagan Babies</msg>
<status status="PASS" starttime="20210110 23:08:43.130" endtime="20210110 23:08:43.180"></status>
</kw>
<kw name="Exit For Loop If" library="BuiltIn">
<doc>Stops executing the enclosing for loop if the ``condition`` is true.</doc>
<arguments>
<arg>"${buk_names}" == "${Expected_Book_Name}"</arg>
</arguments>
<status status="PASS" starttime="20210110 23:08:43.181" endtime="20210110 23:08:43.182"></status>
</kw>
<status status="PASS" starttime="20210110 23:08:43.130" endtime="20210110 23:08:43.182"></status>
</kw>
<kw name="${j} = 4" type="foritem">
<kw name="Get Text" library="SeleniumLibrary">
<doc>Returns the text value of the element identified by ``locator``.</doc>
<arguments>
<arg>xpath=//div[@class='col-md-9']/div[${j}]/a/div[3]</arg>
</arguments>
<assign>
<var>${buk_names}</var>
</assign>
<msg timestamp="20210110 23:08:43.217" level="INFO">${buk_names} = The Sunlit Night</msg>
<status status="PASS" starttime="20210110 23:08:43.183" endtime="20210110 23:08:43.217"></status>
</kw>
<kw name="Exit For Loop If" library="BuiltIn">
<doc>Stops executing the enclosing for loop if the ``condition`` is true.</doc>
<arguments>
<arg>"${buk_names}" == "${Expected_Book_Name}"</arg>
</arguments>
<msg timestamp="20210110 23:08:43.217" level="INFO">Exiting for loop altogether.</msg>
<status status="PASS" starttime="20210110 23:08:43.217" endtime="20210110 23:08:43.218"></status>
</kw>
<status status="PASS" starttime="20210110 23:08:43.183" endtime="20210110 23:08:43.218"></status>
</kw>
<status status="PASS" starttime="20210110 23:08:43.086" endtime="20210110 23:08:43.218"></status>
</kw>
<kw name="Set Test Variable" library="BuiltIn">
<doc>Makes a variable available everywhere within the scope of the current test.</doc>
<arguments>
<arg>${exact_buk_elem}</arg>
<arg>xpath=//div[@class='col-md-9']/div[${j}]/a/div[3]</arg>
</arguments>
<msg timestamp="20210110 23:08:43.219" level="INFO">${exact_buk_elem} = xpath=//div[@class='col-md-9']/div[4]/a/div[3]</msg>
<status status="PASS" starttime="20210110 23:08:43.218" endtime="20210110 23:08:43.219"></status>
</kw>
<kw name="Log To Console" library="BuiltIn">
<doc>Logs the given message to the console.</doc>
<arguments>
<arg>Step4</arg>
</arguments>
<status status="PASS" starttime="20210110 23:08:43.219" endtime="20210110 23:08:43.220"></status>
</kw>
<status status="PASS" starttime="20210110 23:08:43.059" endtime="20210110 23:08:43.220"></status>
</kw>
<kw name="Go to Expected Book details page" library="instructions">
<kw name="Sleep" library="BuiltIn">
<doc>Pauses the test executed for the given time.</doc>
<arguments>
<arg>5s</arg>
</arguments>
<msg timestamp="20210110 23:08:48.221" level="INFO">Slept 5 seconds</msg>
<status status="PASS" starttime="20210110 23:08:43.221" endtime="20210110 23:08:48.222"></status>
</kw>
<kw name="Click Element" library="SeleniumLibrary">
<doc>Click the element identified by ``locator``.</doc>
<arguments>
<arg>${exact_buk_elem}</arg>
</arguments>
<msg timestamp="20210110 23:08:48.223" level="INFO">Clicking element 'xpath=//div[@class='col-md-9']/div[4]/a/div[3]'.</msg>
<status status="PASS" starttime="20210110 23:08:48.223" endtime="20210110 23:09:00.022"></status>
</kw>
<kw name="Log To Console" library="BuiltIn">
<doc>Logs the given message to the console.</doc>
<arguments>
<arg>Step5</arg>
</arguments>
<status status="PASS" starttime="20210110 23:09:00.023" endtime="20210110 23:09:00.039"></status>
</kw>
<status status="PASS" starttime="20210110 23:08:43.221" endtime="20210110 23:09:00.040"></status>
</kw>
<kw name="Verify User navigated to the expected book details" library="instructions">
<kw name="Verify WebPage title" library="instructions">
<arguments>
<arg>${Expected_Book_Detailed_Name}</arg>
</arguments>
<kw name="Wait Until Page Contains" library="SeleniumLibrary">
<doc>Waits until ``text`` appears on the current page.</doc>
<arguments>
<arg>${title_name}</arg>
</arguments>
<status status="PASS" starttime="20210110 23:09:00.045" endtime="20210110 23:09:00.301"></status>
</kw>
<kw name="Log To Console" library="BuiltIn">
<doc>Logs the given message to the console.</doc>
<arguments>
<arg>${title_name}</arg>
</arguments>
<status status="PASS" starttime="20210110 23:09:00.301" endtime="20210110 23:09:00.302"></status>
</kw>
<kw name="Log To Console" library="BuiltIn">
<doc>Logs the given message to the console.</doc>
<arguments>
<arg>Pass!!</arg>
</arguments>
<status status="PASS" starttime="20210110 23:09:00.302" endtime="20210110 23:09:00.317"></status>
</kw>
<status status="PASS" starttime="20210110 23:09:00.043" endtime="20210110 23:09:00.318"></status>
</kw>
<kw name="Log To Console" library="BuiltIn">
<doc>Logs the given message to the console.</doc>
<arguments>
<arg>Step6</arg>
</arguments>
<status status="PASS" starttime="20210110 23:09:00.318" endtime="20210110 23:09:00.320"></status>
</kw>
<status status="PASS" starttime="20210110 23:09:00.041" endtime="20210110 23:09:00.320"></status>
</kw>
<kw name="Adding book to cart" library="instructions">
<kw name="Click Element" library="SeleniumLibrary">
<doc>Click the element identified by ``locator``.</doc>
<arguments>
<arg>xpath=//a[contains(text(),'@Amazon')]</arg>
</arguments>
<msg timestamp="20210110 23:09:00.323" level="INFO">Clicking element 'xpath=//a[contains(text(),'@Amazon')]'.</msg>
<status status="PASS" starttime="20210110 23:09:00.322" endtime="20210110 23:09:00.495"></status>
</kw>
<kw name="Select Window" library="SeleniumLibrary">
<doc>DEPRECATED in SeleniumLibrary 4.0. , use `Switch Window` instead.</doc>
<arguments>
<arg>${Expected_Site_Name}</arg>
</arguments>
<status status="PASS" starttime="20210110 23:09:00.496" endtime="20210110 23:09:04.039"></status>
</kw>
<kw name="Click Element" library="SeleniumLibrary">
<doc>Click the element identified by ``locator``.</doc>
<arguments>
<arg>id=add-to-cart-button</arg>
</arguments>
<msg timestamp="20210110 23:09:04.040" level="INFO">Clicking element 'id=add-to-cart-button'.</msg>
<status status="PASS" starttime="20210110 23:09:04.039" endtime="20210110 23:09:05.931"></status>
</kw>
<status status="PASS" starttime="20210110 23:09:00.321" endtime="20210110 23:09:05.932"></status>
</kw>
<tags>
<tag>sanity</tag>
</tags>
<status status="PASS" starttime="20210110 23:08:18.770" endtime="20210110 23:09:05.933" critical="yes"></status>
</test>
<status status="PASS" starttime="20210110 23:08:18.302" endtime="20210110 23:09:05.949"></status>
</suite>
<statistics>
<total>
<stat pass="1" fail="0">Critical Tests</stat>
<stat pass="1" fail="0">All Tests</stat>
</total>
<tag>
<stat pass="1" fail="0">sanity</stat>
</tag>
<suite>
<stat pass="1" fail="0" id="s1" name="TestCases">TestCases</stat>
</suite>
</statistics>
<errors>
</errors>
</robot>
